stub/build/outputs/mapping/release/seeds.txt
com.topjohnwu.magisk.DownloadActivity: DownloadActivity()
com.topjohnwu.magisk.dummy.DummyReceiver: DummyReceiver()
com.topjohnwu.magisk.dummy.DummyProvider: DummyProvider()
com.topjohnwu.magisk.dummy.DummyService: DummyService()
com.topjohnwu.magisk.DelegateRootService: DelegateRootService()
...
pCB.T
v.qw
v.qw: qw()
pCB.T: T()