stub/build/outputs/mapping/release/mapping.txt
# compiler: R8
# compiler_version: 8.0.40
# min_api: 23
# common_typos_disable
# {"id":"com.android.tools.r8.mapping","version":"2.1"}
# pg_map_id: 26f18b5
# pg_map_hash: SHA-256 26f18b55fd7dc911d79690ff3683d6d465101e7b2c1e104ac31ea3aafb8308e5
com.topjohnwu.magisk.AppClassLoader -> h:
    java.util.Map mapping -> s
    0:65535:void <init>(java.io.File):0:0 -> <init>
    0:65535:java.lang.Class loadClass(java.lang.String,boolean):0:0 -> loadClass
    0:65535:void updateComponentMap(android.content.pm.PackageInfo,android.content.pm.PackageInfo):0:0 -> s
com.topjohnwu.magisk.BuildConfig -> c:
    int $r8$clinit -> s
    0:65535:void <clinit>():0:0 -> <clinit>
com.topjohnwu.magisk.Bytes -> o:
    java.io.File com.topjohnwu.magisk.StubApk.dynDir -> y
    java.lang.reflect.Method com.topjohnwu.magisk.StubApk.addAssetPath -> T
    java.lang.String[] org.lsposed.lsparanoid.Deobfuscator$Magisk$stub.chunks -> s
    4:11:void org.lsposed.lsparanoid.Deobfuscator$Magisk$stub.<clinit>():0:0 -> <clinit>
    4:11:void Bytes.$r8$clinit$synthetic():0 -> <clinit>
      # {"id":"com.android.tools.r8.synthesized"}
    0:65535:long org.lsposed.lsparanoid.RandomHelper.next(long):0:0 -> I
    1:1:java.lang.String org.lsposed.lsparanoid.DeobfuscatorHelper.getString(long,java.lang.String[]):0:0 -> T
    1:1:java.lang.String org.lsposed.lsparanoid.Deobfuscator$Magisk$stub.getString(long):0 -> T
    2:2:long org.lsposed.lsparanoid.DeobfuscatorHelper.getCharAt(int,java.lang.String[],long):0:0 -> T
    2:2:java.lang.String org.lsposed.lsparanoid.DeobfuscatorHelper.getString(long,java.lang.String[]):0 -> T
    2:2:java.lang.String org.lsposed.lsparanoid.Deobfuscator$Magisk$stub.getString(long):0 -> T
    3:3:java.lang.String org.lsposed.lsparanoid.DeobfuscatorHelper.getString(long,java.lang.String[]):0:0 -> T
    3:3:java.lang.String org.lsposed.lsparanoid.Deobfuscator$Magisk$stub.getString(long):0 -> T
    4:4:long org.lsposed.lsparanoid.DeobfuscatorHelper.getCharAt(int,java.lang.String[],long):0:0 -> T
    4:4:java.lang.String org.lsposed.lsparanoid.DeobfuscatorHelper.getString(long,java.lang.String[]):0 -> T
com.topjohnwu.magisk.DelegateApplication -> r:
    android.app.Application receiver -> s
    1:1:android.app.Application com.topjohnwu.magisk.DynLoad.createAndSetupApp(android.app.Application):0:0 -> attachBaseContext
    1:1:void attachBaseContext(android.content.Context):0 -> attachBaseContext
    2:2:void com.topjohnwu.magisk.DynLoad.replaceClassLoader(android.content.Context):0:0 -> attachBaseContext
    2:2:android.app.Application com.topjohnwu.magisk.DynLoad.createAndSetupApp(android.app.Application):0 -> attachBaseContext
    2:2:void attachBaseContext(android.content.Context):0 -> attachBaseContext
    3:3:android.app.Application com.topjohnwu.magisk.DynLoad.createAndSetupApp(android.app.Application):0:0 -> attachBaseContext
    3:3:void attachBaseContext(android.content.Context):0 -> attachBaseContext
    4:4:java.util.Map com.topjohnwu.magisk.StubApk$Data.getClassToComponent():0:0 -> attachBaseContext
    4:4:android.app.Application com.topjohnwu.magisk.DynLoad.createAndSetupApp(android.app.Application):0 -> attachBaseContext
    4:4:void attachBaseContext(android.content.Context):0 -> attachBaseContext
    5:5:android.app.Application com.topjohnwu.magisk.DynLoad.createAndSetupApp(android.app.Application):0:0 -> attachBaseContext
    5:5:void attachBaseContext(android.content.Context):0 -> attachBaseContext
    6:6:void attachBaseContext(android.content.Context):0:0 -> attachBaseContext
com.topjohnwu.magisk.DelegateClassLoader -> k:
    0:65535:java.lang.Class loadClass(java.lang.String,boolean):0:0 -> loadClass